{
  "version": "2.0.0",
  "timestamp": "2026-04-30T04:31:44",
  "success": true,
  "input": "/workspace/output_videos/WordWorld_S2_Crop/2-03. Bugs to the Rescue! - Sheep's First Bike Ride_cropped.mp4",
  "output": "/workspace/output_videos/WordWorld_S2_CE/2-03. Bugs to the Rescue! - Sheep's First Bike Ride_cropped.mp4",
  "mode": "interpolate_then_upscale",
  "elapsed_seconds": 3496.19,
  "elapsed_human": "58分16.2秒",
  "input_size_mb": 264.48,
  "output_size_mb": 363.58,
  "size_ratio": 1.375,
  "input_duration_s": 1630.172,
  "output_duration_s": 1630.02,
  "gpu_peak_memory_gb": 1.516,
  "env": {
    "python": "3.11.1",
    "torch": "2.10.0+cu128",
    "gpu_name": "Tesla T4",
    "gpu_memory_gb": 14.6,
    "ffmpeg": true
  },
  "params": {
    "mode": "interpolate_then_upscale",
    "interpolation_factor": 2,
    "upscale_factor": 2,
    "segment_duration": 180,
    "skip_interpolate": false,
    "skip_upscale": false,
    "batch_size_ifrnet": 24,
    "max_batch_size_ifrnet": 36,
    "no_fp16_ifrnet": false,
    "no_compile_ifrnet": false,
    "no_cuda_graph_ifrnet": false,
    "use_tensorrt_ifrnet": true,
    "no_tensorrt_ifrnet": false,
    "batch_size_esrgan": 24,
    "prefetch_factor_esrgan": 96,
    "no_fp16_esrgan": false,
    "no_compile_esrgan": false,
    "no_cuda_graph_esrgan": false,
    "use_tensorrt_esrgan": true,
    "no_tensorrt_esrgan": false,
    "tile_size": null,
    "tile_pad": null,
    "pre_pad": null,
    "denoise_strength": null,
    "face_enhance": null,
    "gfpgan_model": null,
    "gfpgan_weight": null,
    "gfpgan_batch_size": null,
    "face_det_threshold": null,
    "no_adaptive_batch_esrgan": false,
    "gfpgan_trt": false,
    "output_codec": null,
    "output_crf": null,
    "output_preset": null,
    "denoise": false,
    "denoise_model": "nafnet",
    "denoise_strength_pre": 0.5,
    "auto_cleanup": false,
    "keep_intermediate": true
  }
}